Flow report for FPGA_UART_Servo_Controller
Thu May 06 11:21:03 2021
Quartus Prime Version 18.1.0 Build 625 09/12/2018 SJ Lite Edition


---------------------
; Table of Contents ;
---------------------
  1. Legal Notice
  2. Flow Summary
  3. Flow Settings
  4. Flow Non-Default Global Settings
  5. Flow Elapsed Time
  6. Flow OS Summary
  7. Flow Log
  8. Flow Messages
  9. Flow Suppressed Messages



----------------
; Legal Notice ;
----------------
Copyright (C) 2018  Intel Corporation. All rights reserved.
Your use of Intel Corporation's design tools, logic functions 
and other software and tools, and its AMPP partner logic 
functions, and any output files from any of the foregoing 
(including device programming or simulation files), and any 
associated documentation or information are expressly subject 
to the terms and conditions of the Intel Program License 
Subscription Agreement, the Intel Quartus Prime License Agreement,
the Intel FPGA IP License Agreement, or other applicable license
agreement, including, without limitation, that your use is for
the sole purpose of programming logic devices manufactured by
Intel and sold by Intel or its authorized distributors.  Please
refer to the applicable agreement for further details.



+----------------------------------------------------------------------------------+
; Flow Summary                                                                     ;
+------------------------------------+---------------------------------------------+
; Flow Status                        ; Successful - Thu May 06 11:21:03 2021       ;
; Quartus Prime Version              ; 18.1.0 Build 625 09/12/2018 SJ Lite Edition ;
; Revision Name                      ; FPGA_UART_Servo_Controller                  ;
; Top-level Entity Name              ; FPGA_UART_Servo_Controller                  ;
; Family                             ; Cyclone IV E                                ;
; Device                             ; EP4CE22F17C6                                ;
; Timing Models                      ; Final                                       ;
; Total logic elements               ; 180 / 22,320 ( < 1 % )                      ;
;     Total combinational functions  ; 167 / 22,320 ( < 1 % )                      ;
;     Dedicated logic registers      ; 105 / 22,320 ( < 1 % )                      ;
; Total registers                    ; 105                                         ;
; Total pins                         ; 12 / 154 ( 8 % )                            ;
; Total virtual pins                 ; 0                                           ;
; Total memory bits                  ; 0 / 608,256 ( 0 % )                         ;
; Embedded Multiplier 9-bit elements ; 0 / 132 ( 0 % )                             ;
; Total PLLs                         ; 0 / 4 ( 0 % )                               ;
+------------------------------------+---------------------------------------------+


+------------------------------------------------+
; Flow Settings                                  ;
+-------------------+----------------------------+
; Option            ; Setting                    ;
+-------------------+----------------------------+
; Start date & time ; 05/06/2021 11:20:37        ;
; Main task         ; Compilation                ;
; Revision Name     ; FPGA_UART_Servo_Controller ;
+-------------------+----------------------------+


+-----------------------------------------------------------------------------------------------------------------------------------------------------+
; Flow Non-Default Global Settings                                                                                                                    ;
+--------------------------------------+---------------------------------------------------------------+---------------+-------------+----------------+
; Assignment Name                      ; Value                                                         ; Default Value ; Entity Name ; Section Id     ;
+--------------------------------------+---------------------------------------------------------------+---------------+-------------+----------------+
; COMPILER_SIGNATURE_ID                ; 1096614750981.162025683619712                                 ; --            ; --          ; --             ;
; EDA_DESIGN_INSTANCE_NAME             ; NA                                                            ; --            ; --          ; uart_Testbench ;
; EDA_NATIVELINK_SIMULATION_TEST_BENCH ; uart_Testbench                                                ; --            ; --          ; eda_simulation ;
; EDA_OUTPUT_DATA_FORMAT               ; Verilog Hdl                                                   ; --            ; --          ; eda_simulation ;
; EDA_SIMULATION_TOOL                  ; ModelSim-Altera (Verilog)                                     ; <None>        ; --          ; --             ;
; EDA_TEST_BENCH_ENABLE_STATUS         ; TEST_BENCH_MODE                                               ; --            ; --          ; eda_simulation ;
; EDA_TEST_BENCH_FILE                  ; uart_Testbench.v                                              ; --            ; --          ; uart_Testbench ;
; EDA_TEST_BENCH_MODULE_NAME           ; uart_Testbench                                                ; --            ; --          ; uart_Testbench ;
; EDA_TEST_BENCH_NAME                  ; uart_Testbench                                                ; --            ; --          ; eda_simulation ;
; EDA_TIME_SCALE                       ; 1 ps                                                          ; --            ; --          ; eda_simulation ;
; MAX_CORE_JUNCTION_TEMP               ; 85                                                            ; --            ; --          ; --             ;
; MIN_CORE_JUNCTION_TEMP               ; 0                                                             ; --            ; --          ; --             ;
; MISC_FILE                            ; D:/CD/DE_Nano/DE0_NANO/Demonstration/DE_NANO_ADC/DE0_NANO.dpf ; --            ; --          ; --             ;
; NOMINAL_CORE_SUPPLY_VOLTAGE          ; 1.2V                                                          ; --            ; --          ; --             ;
; PARTITION_COLOR                      ; -- (Not supported for targeted family)                        ; --            ; --          ; Top            ;
; PARTITION_FITTER_PRESERVATION_LEVEL  ; -- (Not supported for targeted family)                        ; --            ; --          ; Top            ;
; PARTITION_NETLIST_TYPE               ; -- (Not supported for targeted family)                        ; --            ; --          ; Top            ;
; POWER_BOARD_THERMAL_MODEL            ; None (CONSERVATIVE)                                           ; --            ; --          ; --             ;
; POWER_PRESET_COOLING_SOLUTION        ; 23 MM HEAT SINK WITH 200 LFPM AIRFLOW                         ; --            ; --          ; --             ;
; PROJECT_OUTPUT_DIRECTORY             ; output_files                                                  ; --            ; --          ; --             ;
+--------------------------------------+---------------------------------------------------------------+---------------+-------------+----------------+


+--------------------------------------------------------------------------------------------------------------------------+
; Flow Elapsed Time                                                                                                        ;
+----------------------+--------------+-------------------------+---------------------+------------------------------------+
; Module Name          ; Elapsed Time ; Average Processors Used ; Peak Virtual Memory ; Total CPU Time (on all processors) ;
+----------------------+--------------+-------------------------+---------------------+------------------------------------+
; Analysis & Synthesis ; 00:00:13     ; 1.0                     ; 4780 MB             ; 00:00:26                           ;
; Fitter               ; 00:00:05     ; 1.0                     ; 5520 MB             ; 00:00:07                           ;
; Assembler            ; 00:00:01     ; 1.0                     ; 4669 MB             ; 00:00:01                           ;
; Timing Analyzer      ; 00:00:02     ; 1.0                     ; 4776 MB             ; 00:00:02                           ;
; EDA Netlist Writer   ; 00:00:01     ; 1.0                     ; 4640 MB             ; 00:00:01                           ;
; Total                ; 00:00:22     ; --                      ; --                  ; 00:00:37                           ;
+----------------------+--------------+-------------------------+---------------------+------------------------------------+


+------------------------------------------------------------------------------------+
; Flow OS Summary                                                                    ;
+----------------------+------------------+------------+------------+----------------+
; Module Name          ; Machine Hostname ; OS Name    ; OS Version ; Processor type ;
+----------------------+------------------+------------+------------+----------------+
; Analysis & Synthesis ; Daniel-XPS       ; Windows 10 ; 10.0       ; x86_64         ;
; Fitter               ; Daniel-XPS       ; Windows 10 ; 10.0       ; x86_64         ;
; Assembler            ; Daniel-XPS       ; Windows 10 ; 10.0       ; x86_64         ;
; Timing Analyzer      ; Daniel-XPS       ; Windows 10 ; 10.0       ; x86_64         ;
; EDA Netlist Writer   ; Daniel-XPS       ; Windows 10 ; 10.0       ; x86_64         ;
+----------------------+------------------+------------+------------+----------------+


------------
; Flow Log ;
------------
quartus_map --read_settings_files=on --write_settings_files=off FPGA_UART_Servo_Controller -c FPGA_UART_Servo_Controller
quartus_fit --read_settings_files=off --write_settings_files=off FPGA_UART_Servo_Controller -c FPGA_UART_Servo_Controller
quartus_asm --read_settings_files=off --write_settings_files=off FPGA_UART_Servo_Controller -c FPGA_UART_Servo_Controller
quartus_sta FPGA_UART_Servo_Controller -c FPGA_UART_Servo_Controller
quartus_eda --read_settings_files=off --write_settings_files=off FPGA_UART_Servo_Controller -c FPGA_UART_Servo_Controller



