Analysis & Synthesis report for FPGA_UART_Servo_Controller
Wed May 05 19:08:30 2021
Quartus Prime Version 18.1.0 Build 625 09/12/2018 SJ Lite Edition


---------------------
; Table of Contents ;
---------------------
  1. Legal Notice
  2. Analysis & Synthesis Summary
  3. Analysis & Synthesis Settings
  4. Parallel Compilation
  5. Analysis & Synthesis Source Files Read
  6. Analysis & Synthesis Resource Usage Summary
  7. Analysis & Synthesis Resource Utilization by Entity
  8. State Machine - |FPGA_UART_Servo_Controller|uartReciever:inst2|state
  9. User-Specified and Inferred Latches
 10. Registers Removed During Synthesis
 11. General Register Statistics
 12. Parameter Settings for User Entity Instance: uartReciever:inst2
 13. Post-Synthesis Netlist Statistics for Top Partition
 14. Elapsed Time Per Partition
 15. Analysis & Synthesis Messages



----------------
; Legal Notice ;
----------------
Copyright (C) 2018  Intel Corporation. All rights reserved.
Your use of Intel Corporation's design tools, logic functions 
and other software and tools, and its AMPP partner logic 
functions, and any output files from any of the foregoing 
(including device programming or simulation files), and any 
associated documentation or information are expressly subject 
to the terms and conditions of the Intel Program License 
Subscription Agreement, the Intel Quartus Prime License Agreement,
the Intel FPGA IP License Agreement, or other applicable license
agreement, including, without limitation, that your use is for
the sole purpose of programming logic devices manufactured by
Intel and sold by Intel or its authorized distributors.  Please
refer to the applicable agreement for further details.



+----------------------------------------------------------------------------------+
; Analysis & Synthesis Summary                                                     ;
+------------------------------------+---------------------------------------------+
; Analysis & Synthesis Status        ; Successful - Wed May 05 19:08:30 2021       ;
; Quartus Prime Version              ; 18.1.0 Build 625 09/12/2018 SJ Lite Edition ;
; Revision Name                      ; FPGA_UART_Servo_Controller                  ;
; Top-level Entity Name              ; FPGA_UART_Servo_Controller                  ;
; Family                             ; Cyclone IV E                                ;
; Total logic elements               ; 185                                         ;
;     Total combinational functions  ; 168                                         ;
;     Dedicated logic registers      ; 105                                         ;
; Total registers                    ; 105                                         ;
; Total pins                         ; 12                                          ;
; Total virtual pins                 ; 0                                           ;
; Total memory bits                  ; 0                                           ;
; Embedded Multiplier 9-bit elements ; 0                                           ;
; Total PLLs                         ; 0                                           ;
+------------------------------------+---------------------------------------------+


+----------------------------------------------------------------------------------------------------------------------------+
; Analysis & Synthesis Settings                                                                                              ;
+------------------------------------------------------------------+----------------------------+----------------------------+
; Option                                                           ; Setting                    ; Default Value              ;
+------------------------------------------------------------------+----------------------------+----------------------------+
; Device                                                           ; EP4CE22F17C6               ;                            ;
; Top-level entity name                                            ; FPGA_UART_Servo_Controller ; FPGA_UART_Servo_Controller ;
; Family name                                                      ; Cyclone IV E               ; Cyclone IV GX              ;
; Use smart compilation                                            ; Off                        ; Off                        ;
; Enable parallel Assembler and Timing Analyzer during compilation ; On                         ; On                         ;
; Enable compact report table                                      ; Off                        ; Off                        ;
; Restructure Multiplexers                                         ; Auto                       ; Auto                       ;
; Create Debugging Nodes for IP Cores                              ; Off                        ; Off                        ;
; Preserve fewer node names                                        ; On                         ; On                         ;
; Intel FPGA IP Evaluation Mode                                    ; Enable                     ; Enable                     ;
; Verilog Version                                                  ; Verilog_2001               ; Verilog_2001               ;
; VHDL Version                                                     ; VHDL_1993                  ; VHDL_1993                  ;
; State Machine Processing                                         ; Auto                       ; Auto                       ;
; Safe State Machine                                               ; Off                        ; Off                        ;
; Extract Verilog State Machines                                   ; On                         ; On                         ;
; Extract VHDL State Machines                                      ; On                         ; On                         ;
; Ignore Verilog initial constructs                                ; Off                        ; Off                        ;
; Iteration limit for constant Verilog loops                       ; 5000                       ; 5000                       ;
; Iteration limit for non-constant Verilog loops                   ; 250                        ; 250                        ;
; Add Pass-Through Logic to Inferred RAMs                          ; On                         ; On                         ;
; Infer RAMs from Raw Logic                                        ; On                         ; On                         ;
; Parallel Synthesis                                               ; On                         ; On                         ;
; DSP Block Balancing                                              ; Auto                       ; Auto                       ;
; NOT Gate Push-Back                                               ; On                         ; On                         ;
; Power-Up Don't Care                                              ; On                         ; On                         ;
; Remove Redundant Logic Cells                                     ; Off                        ; Off                        ;
; Remove Duplicate Registers                                       ; On                         ; On                         ;
; Ignore CARRY Buffers                                             ; Off                        ; Off                        ;
; Ignore CASCADE Buffers                                           ; Off                        ; Off                        ;
; Ignore GLOBAL Buffers                                            ; Off                        ; Off                        ;
; Ignore ROW GLOBAL Buffers                                        ; Off                        ; Off                        ;
; Ignore LCELL Buffers                                             ; Off                        ; Off                        ;
; Ignore SOFT Buffers                                              ; On                         ; On                         ;
; Limit AHDL Integers to 32 Bits                                   ; Off                        ; Off                        ;
; Optimization Technique                                           ; Balanced                   ; Balanced                   ;
; Carry Chain Length                                               ; 70                         ; 70                         ;
; Auto Carry Chains                                                ; On                         ; On                         ;
; Auto Open-Drain Pins                                             ; On                         ; On                         ;
; Perform WYSIWYG Primitive Resynthesis                            ; Off                        ; Off                        ;
; Auto ROM Replacement                                             ; On                         ; On                         ;
; Auto RAM Replacement                                             ; On                         ; On                         ;
; Auto DSP Block Replacement                                       ; On                         ; On                         ;
; Auto Shift Register Replacement                                  ; Auto                       ; Auto                       ;
; Allow Shift Register Merging across Hierarchies                  ; Auto                       ; Auto                       ;
; Auto Clock Enable Replacement                                    ; On                         ; On                         ;
; Strict RAM Replacement                                           ; Off                        ; Off                        ;
; Allow Synchronous Control Signals                                ; On                         ; On                         ;
; Force Use of Synchronous Clear Signals                           ; Off                        ; Off                        ;
; Auto RAM Block Balancing                                         ; On                         ; On                         ;
; Auto RAM to Logic Cell Conversion                                ; Off                        ; Off                        ;
; Auto Resource Sharing                                            ; Off                        ; Off                        ;
; Allow Any RAM Size For Recognition                               ; Off                        ; Off                        ;
; Allow Any ROM Size For Recognition                               ; Off                        ; Off                        ;
; Allow Any Shift Register Size For Recognition                    ; Off                        ; Off                        ;
; Use LogicLock Constraints during Resource Balancing              ; On                         ; On                         ;
; Ignore translate_off and synthesis_off directives                ; Off                        ; Off                        ;
; Timing-Driven Synthesis                                          ; On                         ; On                         ;
; Report Parameter Settings                                        ; On                         ; On                         ;
; Report Source Assignments                                        ; On                         ; On                         ;
; Report Connectivity Checks                                       ; On                         ; On                         ;
; Ignore Maximum Fan-Out Assignments                               ; Off                        ; Off                        ;
; Synchronization Register Chain Length                            ; 2                          ; 2                          ;
; Power Optimization During Synthesis                              ; Normal compilation         ; Normal compilation         ;
; HDL message level                                                ; Level2                     ; Level2                     ;
; Suppress Register Optimization Related Messages                  ; Off                        ; Off                        ;
; Number of Removed Registers Reported in Synthesis Report         ; 5000                       ; 5000                       ;
; Number of Swept Nodes Reported in Synthesis Report               ; 5000                       ; 5000                       ;
; Number of Inverted Registers Reported in Synthesis Report        ; 100                        ; 100                        ;
; Clock MUX Protection                                             ; On                         ; On                         ;
; Auto Gated Clock Conversion                                      ; Off                        ; Off                        ;
; Block Design Naming                                              ; Auto                       ; Auto                       ;
; SDC constraint protection                                        ; Off                        ; Off                        ;
; Synthesis Effort                                                 ; Auto                       ; Auto                       ;
; Shift Register Replacement - Allow Asynchronous Clear Signal     ; On                         ; On                         ;
; Pre-Mapping Resynthesis Optimization                             ; Off                        ; Off                        ;
; Analysis & Synthesis Message Level                               ; Medium                     ; Medium                     ;
; Disable Register Merging Across Hierarchies                      ; Auto                       ; Auto                       ;
; Resource Aware Inference For Block RAM                           ; On                         ; On                         ;
+------------------------------------------------------------------+----------------------------+----------------------------+


+------------------------------------------+
; Parallel Compilation                     ;
+----------------------------+-------------+
; Processors                 ; Number      ;
+----------------------------+-------------+
; Number detected on machine ; 8           ;
; Maximum allowed            ; 4           ;
;                            ;             ;
; Average used               ; 1.00        ;
; Maximum used               ; 4           ;
;                            ;             ;
; Usage by Processor         ; % Time Used ;
;     Processor 1            ; 100.0%      ;
;     Processors 2-4         ;   0.0%      ;
+----------------------------+-------------+


+-----------------------------------------------------------------------------------------------------------------------------------------------------------------------------------------------------------------------+
; Analysis & Synthesis Source Files Read                                                                                                                                                                                ;
+----------------------------------+-----------------+------------------------------------+-------------------------------------------------------------------------------------------------------------------+---------+
; File Name with User-Entered Path ; Used in Netlist ; File Type                          ; File Name with Absolute Path                                                                                      ; Library ;
+----------------------------------+-----------------+------------------------------------+-------------------------------------------------------------------------------------------------------------------+---------+
; FPGA_UART_Servo_Controller.bdf   ; yes             ; User Block Diagram/Schematic File  ; C:/Users/danie/Documents/GitHub/ENEL891_Ball_Plate/FPGA/FPGA_UART_Servo_Controller/FPGA_UART_Servo_Controller.bdf ;         ;
; baudClkGen.v                     ; yes             ; User Verilog HDL File              ; C:/Users/danie/Documents/GitHub/ENEL891_Ball_Plate/FPGA/FPGA_UART_Servo_Controller/baudClkGen.v                   ;         ;
; pwmClkGen.v                      ; yes             ; User Verilog HDL File              ; C:/Users/danie/Documents/GitHub/ENEL891_Ball_Plate/FPGA/FPGA_UART_Servo_Controller/pwmClkGen.v                    ;         ;
; uartReciever.v                   ; yes             ; User Verilog HDL File              ; C:/Users/danie/Documents/GitHub/ENEL891_Ball_Plate/FPGA/FPGA_UART_Servo_Controller/uartReciever.v                 ;         ;
; servoSelectController.v          ; yes             ; User Verilog HDL File              ; C:/Users/danie/Documents/GitHub/ENEL891_Ball_Plate/FPGA/FPGA_UART_Servo_Controller/servoSelectController.v        ;         ;
; servoPWMDriver.v                 ; yes             ; User Verilog HDL File              ; C:/Users/danie/Documents/GitHub/ENEL891_Ball_Plate/FPGA/FPGA_UART_Servo_Controller/servoPWMDriver.v               ;         ;
; rxIndicator.v                    ; yes             ; User Verilog HDL File              ; C:/Users/danie/Documents/GitHub/ENEL891_Ball_Plate/FPGA/FPGA_UART_Servo_Controller/rxIndicator.v                  ;         ;
+----------------------------------+-----------------+------------------------------------+-------------------------------------------------------------------------------------------------------------------+---------+


+-----------------------------------------------------------------------+
; Analysis & Synthesis Resource Usage Summary                           ;
+---------------------------------------------+-------------------------+
; Resource                                    ; Usage                   ;
+---------------------------------------------+-------------------------+
; Estimated Total logic elements              ; 185                     ;
;                                             ;                         ;
; Total combinational functions               ; 168                     ;
; Logic element usage by number of LUT inputs ;                         ;
;     -- 4 input functions                    ; 43                      ;
;     -- 3 input functions                    ; 46                      ;
;     -- <=2 input functions                  ; 79                      ;
;                                             ;                         ;
; Logic elements by mode                      ;                         ;
;     -- normal mode                          ; 92                      ;
;     -- arithmetic mode                      ; 76                      ;
;                                             ;                         ;
; Total registers                             ; 105                     ;
;     -- Dedicated logic registers            ; 105                     ;
;     -- I/O registers                        ; 0                       ;
;                                             ;                         ;
; I/O pins                                    ; 12                      ;
;                                             ;                         ;
; Embedded Multiplier 9-bit elements          ; 0                       ;
;                                             ;                         ;
; Maximum fan-out node                        ; baudClkGen:inst|baudClk ;
; Maximum fan-out                             ; 45                      ;
; Total fan-out                               ; 742                     ;
; Average fan-out                             ; 2.50                    ;
+---------------------------------------------+-------------------------+


+-------------------------------------------------------------------------------------------------------------------------------------------------------------------------------------------------------------------------------------------------------------------+
; Analysis & Synthesis Resource Utilization by Entity                                                                                                                                                                                                               ;
+----------------------------------+---------------------+---------------------------+-------------+--------------+---------+-----------+------+--------------+---------------------------------------------------------+----------------------------+--------------+
; Compilation Hierarchy Node       ; Combinational ALUTs ; Dedicated Logic Registers ; Memory Bits ; DSP Elements ; DSP 9x9 ; DSP 18x18 ; Pins ; Virtual Pins ; Full Hierarchy Name                                     ; Entity Name                ; Library Name ;
+----------------------------------+---------------------+---------------------------+-------------+--------------+---------+-----------+------+--------------+---------------------------------------------------------+----------------------------+--------------+
; |FPGA_UART_Servo_Controller      ; 168 (0)             ; 105 (0)                   ; 0           ; 0            ; 0       ; 0         ; 12   ; 0            ; |FPGA_UART_Servo_Controller                             ; FPGA_UART_Servo_Controller ; work         ;
;    |baudClkGen:inst|             ; 29 (29)             ; 21 (21)                   ; 0           ; 0            ; 0       ; 0         ; 0    ; 0            ; |FPGA_UART_Servo_Controller|baudClkGen:inst             ; baudClkGen                 ; work         ;
;    |pwmClkGen:inst1|             ; 12 (12)             ; 9 (9)                     ; 0           ; 0            ; 0       ; 0         ; 0    ; 0            ; |FPGA_UART_Servo_Controller|pwmClkGen:inst1             ; pwmClkGen                  ; work         ;
;    |rxIndicator:inst4|           ; 27 (27)             ; 12 (12)                   ; 0           ; 0            ; 0       ; 0         ; 0    ; 0            ; |FPGA_UART_Servo_Controller|rxIndicator:inst4           ; rxIndicator                ; work         ;
;    |servoPWMDriver:PWM_X_DRIVER| ; 46 (46)             ; 22 (22)                   ; 0           ; 0            ; 0       ; 0         ; 0    ; 0            ; |FPGA_UART_Servo_Controller|servoPWMDriver:PWM_X_DRIVER ; servoPWMDriver             ; work         ;
;    |servoPWMDriver:PWM_Y_DRIVER| ; 18 (18)             ; 9 (9)                     ; 0           ; 0            ; 0       ; 0         ; 0    ; 0            ; |FPGA_UART_Servo_Controller|servoPWMDriver:PWM_Y_DRIVER ; servoPWMDriver             ; work         ;
;    |servoSelectController:inst3| ; 14 (14)             ; 0 (0)                     ; 0           ; 0            ; 0       ; 0         ; 0    ; 0            ; |FPGA_UART_Servo_Controller|servoSelectController:inst3 ; servoSelectController      ; work         ;
;    |uartReciever:inst2|          ; 22 (22)             ; 32 (32)                   ; 0           ; 0            ; 0       ; 0         ; 0    ; 0            ; |FPGA_UART_Servo_Controller|uartReciever:inst2          ; uartReciever               ; work         ;
+----------------------------------+---------------------+---------------------------+-------------+--------------+---------+-----------+------+--------------+---------------------------------------------------------+----------------------------+--------------+
Note: For table entries with two numbers listed, the numbers in parentheses indicate the number of resources of the given type used by the specific entity alone. The numbers listed outside of parentheses indicate the total resources of the given type used by the specific entity and all of its sub-entities in the hierarchy.


Encoding Type:  One-Hot
+----------------------------------------------------------------------------------------------------------------------------------------------------------------------+
; State Machine - |FPGA_UART_Servo_Controller|uartReciever:inst2|state                                                                                                 ;
+----------------+---------------+------------+------------+------------+------------+------------+------------+------------+------------+----------------+------------+
; Name           ; state.stopBit ; state.bit7 ; state.bit6 ; state.bit5 ; state.bit4 ; state.bit3 ; state.bit2 ; state.bit1 ; state.bit0 ; state.startBit ; state.idle ;
+----------------+---------------+------------+------------+------------+------------+------------+------------+------------+------------+----------------+------------+
; state.idle     ; 0             ; 0          ; 0          ; 0          ; 0          ; 0          ; 0          ; 0          ; 0          ; 0              ; 0          ;
; state.startBit ; 0             ; 0          ; 0          ; 0          ; 0          ; 0          ; 0          ; 0          ; 0          ; 1              ; 1          ;
; state.bit0     ; 0             ; 0          ; 0          ; 0          ; 0          ; 0          ; 0          ; 0          ; 1          ; 0              ; 1          ;
; state.bit1     ; 0             ; 0          ; 0          ; 0          ; 0          ; 0          ; 0          ; 1          ; 0          ; 0              ; 1          ;
; state.bit2     ; 0             ; 0          ; 0          ; 0          ; 0          ; 0          ; 1          ; 0          ; 0          ; 0              ; 1          ;
; state.bit3     ; 0             ; 0          ; 0          ; 0          ; 0          ; 1          ; 0          ; 0          ; 0          ; 0              ; 1          ;
; state.bit4     ; 0             ; 0          ; 0          ; 0          ; 1          ; 0          ; 0          ; 0          ; 0          ; 0              ; 1          ;
; state.bit5     ; 0             ; 0          ; 0          ; 1          ; 0          ; 0          ; 0          ; 0          ; 0          ; 0              ; 1          ;
; state.bit6     ; 0             ; 0          ; 1          ; 0          ; 0          ; 0          ; 0          ; 0          ; 0          ; 0              ; 1          ;
; state.bit7     ; 0             ; 1          ; 0          ; 0          ; 0          ; 0          ; 0          ; 0          ; 0          ; 0              ; 1          ;
; state.stopBit  ; 1             ; 0          ; 0          ; 0          ; 0          ; 0          ; 0          ; 0          ; 0          ; 0              ; 1          ;
+----------------+---------------+------------+------------+------------+------------+------------+------------+------------+------------+----------------+------------+


+-------------------------------------------------------------------------------------------------------------+
; User-Specified and Inferred Latches                                                                         ;
+-----------------------------------------------------+------------------------------+------------------------+
; Latch Name                                          ; Latch Enable Signal          ; Free of Timing Hazards ;
+-----------------------------------------------------+------------------------------+------------------------+
; servoSelectController:inst3|xPWM[6]                 ; uartReciever:inst2|rxData[7] ; yes                    ;
; servoSelectController:inst3|xPWM[5]                 ; uartReciever:inst2|rxData[7] ; yes                    ;
; servoSelectController:inst3|xPWM[4]                 ; uartReciever:inst2|rxData[7] ; yes                    ;
; servoSelectController:inst3|xPWM[3]                 ; uartReciever:inst2|rxData[7] ; yes                    ;
; servoSelectController:inst3|xPWM[2]                 ; uartReciever:inst2|rxData[7] ; yes                    ;
; servoSelectController:inst3|xPWM[1]                 ; uartReciever:inst2|rxData[7] ; yes                    ;
; servoSelectController:inst3|xPWM[0]                 ; uartReciever:inst2|rxData[7] ; yes                    ;
; servoSelectController:inst3|yPWM[6]                 ; uartReciever:inst2|rxData[7] ; yes                    ;
; servoSelectController:inst3|yPWM[5]                 ; uartReciever:inst2|rxData[7] ; yes                    ;
; servoSelectController:inst3|yPWM[4]                 ; uartReciever:inst2|rxData[7] ; yes                    ;
; servoSelectController:inst3|yPWM[3]                 ; uartReciever:inst2|rxData[7] ; yes                    ;
; servoSelectController:inst3|yPWM[2]                 ; uartReciever:inst2|rxData[7] ; yes                    ;
; servoSelectController:inst3|yPWM[1]                 ; uartReciever:inst2|rxData[7] ; yes                    ;
; servoSelectController:inst3|yPWM[0]                 ; uartReciever:inst2|rxData[7] ; yes                    ;
; Number of user-specified and inferred latches = 14  ;                              ;                        ;
+-----------------------------------------------------+------------------------------+------------------------+
Note: All latches listed above may not be present at the end of synthesis due to various synthesis optimizations.


+-----------------------------------------------------------------------------------------------+
; Registers Removed During Synthesis                                                            ;
+-----------------------------------------+-----------------------------------------------------+
; Register name                           ; Reason for Removal                                  ;
+-----------------------------------------+-----------------------------------------------------+
; servoPWMDriver:PWM_Y_DRIVER|mark[8..12] ; Stuck at GND due to stuck port data_in              ;
; servoPWMDriver:PWM_X_DRIVER|mark[8..12] ; Stuck at GND due to stuck port data_in              ;
; servoPWMDriver:PWM_Y_DRIVER|counter[12] ; Merged with servoPWMDriver:PWM_X_DRIVER|counter[12] ;
; servoPWMDriver:PWM_Y_DRIVER|counter[11] ; Merged with servoPWMDriver:PWM_X_DRIVER|counter[11] ;
; servoPWMDriver:PWM_Y_DRIVER|counter[10] ; Merged with servoPWMDriver:PWM_X_DRIVER|counter[10] ;
; servoPWMDriver:PWM_Y_DRIVER|counter[9]  ; Merged with servoPWMDriver:PWM_X_DRIVER|counter[9]  ;
; servoPWMDriver:PWM_Y_DRIVER|counter[8]  ; Merged with servoPWMDriver:PWM_X_DRIVER|counter[8]  ;
; servoPWMDriver:PWM_Y_DRIVER|counter[7]  ; Merged with servoPWMDriver:PWM_X_DRIVER|counter[7]  ;
; servoPWMDriver:PWM_Y_DRIVER|counter[6]  ; Merged with servoPWMDriver:PWM_X_DRIVER|counter[6]  ;
; servoPWMDriver:PWM_Y_DRIVER|counter[5]  ; Merged with servoPWMDriver:PWM_X_DRIVER|counter[5]  ;
; servoPWMDriver:PWM_Y_DRIVER|counter[4]  ; Merged with servoPWMDriver:PWM_X_DRIVER|counter[4]  ;
; servoPWMDriver:PWM_Y_DRIVER|counter[3]  ; Merged with servoPWMDriver:PWM_X_DRIVER|counter[3]  ;
; servoPWMDriver:PWM_Y_DRIVER|counter[2]  ; Merged with servoPWMDriver:PWM_X_DRIVER|counter[2]  ;
; servoPWMDriver:PWM_Y_DRIVER|counter[1]  ; Merged with servoPWMDriver:PWM_X_DRIVER|counter[1]  ;
; servoPWMDriver:PWM_Y_DRIVER|counter[0]  ; Merged with servoPWMDriver:PWM_X_DRIVER|counter[0]  ;
; uartReciever:inst2|state~13             ; Lost fanout                                         ;
; uartReciever:inst2|state~14             ; Lost fanout                                         ;
; uartReciever:inst2|state~15             ; Lost fanout                                         ;
; uartReciever:inst2|state~16             ; Lost fanout                                         ;
; Total Number of Removed Registers = 27  ;                                                     ;
+-----------------------------------------+-----------------------------------------------------+


+------------------------------------------------------+
; General Register Statistics                          ;
+----------------------------------------------+-------+
; Statistic                                    ; Value ;
+----------------------------------------------+-------+
; Total registers                              ; 105   ;
; Number of registers using Synchronous Clear  ; 28    ;
; Number of registers using Synchronous Load   ; 0     ;
; Number of registers using Asynchronous Clear ; 0     ;
; Number of registers using Asynchronous Load  ; 0     ;
; Number of registers using Clock Enable       ; 23    ;
; Number of registers using Preset             ; 0     ;
+----------------------------------------------+-------+


+-----------------------------------------------------------------+
; Parameter Settings for User Entity Instance: uartReciever:inst2 ;
+----------------+-------+----------------------------------------+
; Parameter Name ; Value ; Type                                   ;
+----------------+-------+----------------------------------------+
; idle           ; 0000  ; Unsigned Binary                        ;
; startBit       ; 0001  ; Unsigned Binary                        ;
; bit0           ; 0010  ; Unsigned Binary                        ;
; bit1           ; 0011  ; Unsigned Binary                        ;
; bit2           ; 0100  ; Unsigned Binary                        ;
; bit3           ; 0101  ; Unsigned Binary                        ;
; bit4           ; 0110  ; Unsigned Binary                        ;
; bit5           ; 0111  ; Unsigned Binary                        ;
; bit6           ; 1000  ; Unsigned Binary                        ;
; bit7           ; 1001  ; Unsigned Binary                        ;
; stopBit        ; 1010  ; Unsigned Binary                        ;
+----------------+-------+----------------------------------------+
Note: In order to hide this table in the UI and the text report file, please set the "Show Parameter Settings in Synthesis Report" option in "Analysis and Synthesis Settings -> More Settings" to "Off".


+-----------------------------------------------------+
; Post-Synthesis Netlist Statistics for Top Partition ;
+-----------------------+-----------------------------+
; Type                  ; Count                       ;
+-----------------------+-----------------------------+
; boundary_port         ; 12                          ;
; cycloneiii_ff         ; 105                         ;
;     ENA               ; 23                          ;
;     SCLR              ; 28                          ;
;     plain             ; 54                          ;
; cycloneiii_lcell_comb ; 168                         ;
;     arith             ; 76                          ;
;         2 data inputs ; 52                          ;
;         3 data inputs ; 24                          ;
;     normal            ; 92                          ;
;         0 data inputs ; 2                           ;
;         1 data inputs ; 5                           ;
;         2 data inputs ; 20                          ;
;         3 data inputs ; 22                          ;
;         4 data inputs ; 43                          ;
;                       ;                             ;
; Max LUT depth         ; 4.70                        ;
; Average LUT depth     ; 2.57                        ;
+-----------------------+-----------------------------+


+-------------------------------+
; Elapsed Time Per Partition    ;
+----------------+--------------+
; Partition Name ; Elapsed Time ;
+----------------+--------------+
; Top            ; 00:00:00     ;
+----------------+--------------+


+-------------------------------+
; Analysis & Synthesis Messages ;
+-------------------------------+
Info: *******************************************************************
Info: Running Quartus Prime Analysis & Synthesis
    Info: Version 18.1.0 Build 625 09/12/2018 SJ Lite Edition
    Info: Processing started: Wed May 05 19:08:07 2021
Info: Command: quartus_map --read_settings_files=on --write_settings_files=off FPGA_UART_Servo_Controller -c FPGA_UART_Servo_Controller
Info (125069): Default assignment values were changed in the current version of the Quartus Prime software -- changes to default assignments values are contained in file c:/intelfpga_lite/18.1/quartus/bin64/assignment_defaults.qdf
Warning (18236): Number of processors has not been specified which may cause overloading on shared machines.  Set the global assignment NUM_PARALLEL_PROCESSORS in your QSF to an appropriate value for best performance.
Info (20030): Parallel compilation is enabled and will use 4 of the 4 processors detected
Info (12021): Found 1 design units, including 1 entities, in source file fpga_uart_servo_controller.bdf
    Info (12023): Found entity 1: FPGA_UART_Servo_Controller
Info (12021): Found 1 design units, including 1 entities, in source file baudclkgen.v
    Info (12023): Found entity 1: baudClkGen File: C:/Users/danie/Documents/GitHub/ENEL891_Ball_Plate/FPGA/FPGA_UART_Servo_Controller/baudClkGen.v Line: 6
Info (12021): Found 1 design units, including 1 entities, in source file pwmclkgen.v
    Info (12023): Found entity 1: pwmClkGen File: C:/Users/danie/Documents/GitHub/ENEL891_Ball_Plate/FPGA/FPGA_UART_Servo_Controller/pwmClkGen.v Line: 1
Info (12021): Found 1 design units, including 1 entities, in source file uartreciever.v
    Info (12023): Found entity 1: uartReciever File: C:/Users/danie/Documents/GitHub/ENEL891_Ball_Plate/FPGA/FPGA_UART_Servo_Controller/uartReciever.v Line: 1
Info (12021): Found 1 design units, including 1 entities, in source file servoselectcontroller.v
    Info (12023): Found entity 1: servoSelectController File: C:/Users/danie/Documents/GitHub/ENEL891_Ball_Plate/FPGA/FPGA_UART_Servo_Controller/servoSelectController.v Line: 1
Info (12021): Found 1 design units, including 1 entities, in source file servopwmdriver.v
    Info (12023): Found entity 1: servoPWMDriver File: C:/Users/danie/Documents/GitHub/ENEL891_Ball_Plate/FPGA/FPGA_UART_Servo_Controller/servoPWMDriver.v Line: 1
Warning (12019): Can't analyze file -- file SPIPLL.v is missing
Warning (12019): Can't analyze file -- file DE0_NANO.v is missing
Warning (12019): Can't analyze file -- file ADC_CTRL.v is missing
Info (12021): Found 1 design units, including 1 entities, in source file rxindicator.v
    Info (12023): Found entity 1: rxIndicator File: C:/Users/danie/Documents/GitHub/ENEL891_Ball_Plate/FPGA/FPGA_UART_Servo_Controller/rxIndicator.v Line: 1
Info (12127): Elaborating entity "FPGA_UART_Servo_Controller" for the top level hierarchy
Warning (275089): Not all bits in bus "GPIO_1[7..5]" are used
Warning (275080): Converted elements in bus name "GPIO_1" using legacy naming rules. Make any assignments on the new names, not on the original names.
    Warning (275081): Converted element name(s) from "GPIO_1[5]" to "GPIO_15"
    Warning (275081): Converted element name(s) from "GPIO_1[7]" to "GPIO_17"
Info (12128): Elaborating entity "servoPWMDriver" for hierarchy "servoPWMDriver:PWM_X_DRIVER"
Info (12128): Elaborating entity "pwmClkGen" for hierarchy "pwmClkGen:inst1"
Info (12128): Elaborating entity "servoSelectController" for hierarchy "servoSelectController:inst3"
Warning (10240): Verilog HDL Always Construct warning at servoSelectController.v(5): inferring latch(es) for variable "xPWM", which holds its previous value in one or more paths through the always construct File: C:/Users/danie/Documents/GitHub/ENEL891_Ball_Plate/FPGA/FPGA_UART_Servo_Controller/servoSelectController.v Line: 5
Warning (10240): Verilog HDL Always Construct warning at servoSelectController.v(5): inferring latch(es) for variable "yPWM", which holds its previous value in one or more paths through the always construct File: C:/Users/danie/Documents/GitHub/ENEL891_Ball_Plate/FPGA/FPGA_UART_Servo_Controller/servoSelectController.v Line: 5
Info (10041): Inferred latch for "yPWM[0]" at servoSelectController.v(8) File: C:/Users/danie/Documents/GitHub/ENEL891_Ball_Plate/FPGA/FPGA_UART_Servo_Controller/servoSelectController.v Line: 8
Info (10041): Inferred latch for "yPWM[1]" at servoSelectController.v(8) File: C:/Users/danie/Documents/GitHub/ENEL891_Ball_Plate/FPGA/FPGA_UART_Servo_Controller/servoSelectController.v Line: 8
Info (10041): Inferred latch for "yPWM[2]" at servoSelectController.v(8) File: C:/Users/danie/Documents/GitHub/ENEL891_Ball_Plate/FPGA/FPGA_UART_Servo_Controller/servoSelectController.v Line: 8
Info (10041): Inferred latch for "yPWM[3]" at servoSelectController.v(8) File: C:/Users/danie/Documents/GitHub/ENEL891_Ball_Plate/FPGA/FPGA_UART_Servo_Controller/servoSelectController.v Line: 8
Info (10041): Inferred latch for "yPWM[4]" at servoSelectController.v(8) File: C:/Users/danie/Documents/GitHub/ENEL891_Ball_Plate/FPGA/FPGA_UART_Servo_Controller/servoSelectController.v Line: 8
Info (10041): Inferred latch for "yPWM[5]" at servoSelectController.v(8) File: C:/Users/danie/Documents/GitHub/ENEL891_Ball_Plate/FPGA/FPGA_UART_Servo_Controller/servoSelectController.v Line: 8
Info (10041): Inferred latch for "yPWM[6]" at servoSelectController.v(8) File: C:/Users/danie/Documents/GitHub/ENEL891_Ball_Plate/FPGA/FPGA_UART_Servo_Controller/servoSelectController.v Line: 8
Info (10041): Inferred latch for "xPWM[0]" at servoSelectController.v(8) File: C:/Users/danie/Documents/GitHub/ENEL891_Ball_Plate/FPGA/FPGA_UART_Servo_Controller/servoSelectController.v Line: 8
Info (10041): Inferred latch for "xPWM[1]" at servoSelectController.v(8) File: C:/Users/danie/Documents/GitHub/ENEL891_Ball_Plate/FPGA/FPGA_UART_Servo_Controller/servoSelectController.v Line: 8
Info (10041): Inferred latch for "xPWM[2]" at servoSelectController.v(8) File: C:/Users/danie/Documents/GitHub/ENEL891_Ball_Plate/FPGA/FPGA_UART_Servo_Controller/servoSelectController.v Line: 8
Info (10041): Inferred latch for "xPWM[3]" at servoSelectController.v(8) File: C:/Users/danie/Documents/GitHub/ENEL891_Ball_Plate/FPGA/FPGA_UART_Servo_Controller/servoSelectController.v Line: 8
Info (10041): Inferred latch for "xPWM[4]" at servoSelectController.v(8) File: C:/Users/danie/Documents/GitHub/ENEL891_Ball_Plate/FPGA/FPGA_UART_Servo_Controller/servoSelectController.v Line: 8
Info (10041): Inferred latch for "xPWM[5]" at servoSelectController.v(8) File: C:/Users/danie/Documents/GitHub/ENEL891_Ball_Plate/FPGA/FPGA_UART_Servo_Controller/servoSelectController.v Line: 8
Info (10041): Inferred latch for "xPWM[6]" at servoSelectController.v(8) File: C:/Users/danie/Documents/GitHub/ENEL891_Ball_Plate/FPGA/FPGA_UART_Servo_Controller/servoSelectController.v Line: 8
Info (12128): Elaborating entity "uartReciever" for hierarchy "uartReciever:inst2"
Info (12128): Elaborating entity "baudClkGen" for hierarchy "baudClkGen:inst"
Info (12128): Elaborating entity "rxIndicator" for hierarchy "rxIndicator:inst4"
Info (286030): Timing-Driven Synthesis is running
Info (17049): 4 registers lost all their fanouts during netlist optimizations.
Info (16010): Generating hard_block partition "hard_block:auto_generated_inst"
    Info (16011): Adding 0 node(s), including 0 DDIO, 0 PLL, 0 transceiver and 0 LCELL
Info (21057): Implemented 205 device resources after synthesis - the final resource count might be different
    Info (21058): Implemented 2 input pins
    Info (21059): Implemented 10 output pins
    Info (21061): Implemented 193 logic cells
Info: Quartus Prime Analysis & Synthesis was successful. 0 errors, 10 warnings
    Info: Peak virtual memory: 4761 megabytes
    Info: Processing ended: Wed May 05 19:08:30 2021
    Info: Elapsed time: 00:00:23
    Info: Total CPU time (on all processors): 00:00:25


